\BOOKMARK [0][-]{chapter*.2}{Abbildungsverzeichnis}{}% 1
\BOOKMARK [0][-]{chapter*.3}{Tabellenverzeichnis}{}% 2
\BOOKMARK [0][-]{chapter.1}{Einleitung}{}% 3
\BOOKMARK [1][-]{section.1.1}{Ausgangslage}{chapter.1}% 4
\BOOKMARK [1][-]{section.1.2}{Zielsetzung}{chapter.1}% 5
\BOOKMARK [1][-]{section.1.3}{Kurzvorstellung Programm Aircraft Designer}{chapter.1}% 6
\BOOKMARK [0][-]{chapter.2}{Werkzeuge f\374r effiziente Code-Entwicklung}{}% 7
\BOOKMARK [1][-]{section.2.1}{Entwicklungsumgebung und Versionsmanagement}{chapter.2}% 8
\BOOKMARK [1][-]{section.2.2}{Code Dokumentation}{chapter.2}% 9
\BOOKMARK [1][-]{section.2.3}{Verwendung von Open Source Bibliotheken}{chapter.2}% 10
\BOOKMARK [0][-]{chapter.3}{Simulations-Framework}{}% 11
\BOOKMARK [1][-]{section.3.1}{Aufbau der Module}{chapter.3}% 12
\BOOKMARK [1][-]{section.3.2}{Aufbau und Ablauf der Ausbaustufen}{chapter.3}% 13
\BOOKMARK [1][-]{section.3.3}{Gesamtsimulation}{chapter.3}% 14
\BOOKMARK [0][-]{chapter.4}{Durchf\374hrung der Implementierung}{}% 15
\BOOKMARK [1][-]{section.4.1}{Implementierungs-Prozess}{chapter.4}% 16
\BOOKMARK [1][-]{section.4.2}{Simulationswerkzeuge}{chapter.4}% 17
\BOOKMARK [2][-]{subsection.4.2.1}{Unit-Tests}{section.4.2}% 18
\BOOKMARK [1][-]{section.4.3}{Implementierung und Testen der Module}{chapter.4}% 19
\BOOKMARK [1][-]{section.4.4}{Verifikation des Simulations-Framework}{chapter.4}% 20
\BOOKMARK [0][-]{chapter.5}{Optimierung der Simulation}{}% 21
\BOOKMARK [1][-]{section.5.1}{Grundlegende Rechnerdaten}{chapter.5}% 22
\BOOKMARK [1][-]{section.5.2}{Vergleich der Rechenzeit Matlab und C++}{chapter.5}% 23
\BOOKMARK [1][-]{section.5.3}{Code Optimierung}{chapter.5}% 24
\BOOKMARK [1][-]{section.5.4}{Parallelisierung}{chapter.5}% 25
\BOOKMARK [0][-]{chapter.6}{Fazit}{}% 26
\BOOKMARK [0][-]{chapter*.4}{Literaturverzeichnis}{}% 27
