  LinearInterpolation.cpp
c:\users\janol\desktop\sim_check\tools\linearinterpolation.cpp(43): warning C4244: "=": Konvertierung von "Float64" in "Int32", möglicher Datenverlust
c:\users\janol\desktop\sim_check\tools\linearinterpolation.cpp(59): warning C4244: "=": Konvertierung von "Float64" in "Int32", möglicher Datenverlust
c:\users\janol\desktop\sim_check\tools\linearinterpolation.cpp(84): warning C4244: "=": Konvertierung von "Float64" in "Int32", möglicher Datenverlust
  Code wird generiert...
  Kompilieren...
  MatFileReader.cpp
c:\users\janol\desktop\sim_check\tools\matfilereader.cpp(56): warning C4267: "Initialisierung": Konvertierung von "size_t" nach "unsigned int", Datenverlust möglich
c:\users\janol\desktop\sim_check\tools\matfilereader.cpp(33): warning C4477: "fprintf": Die Formatzeichenfolge "%lu" erfordert ein Argument vom Typ "unsigned long", das variadic-Argument "1" weist aber den Typ "::size_t" auf.
  c:\users\janol\desktop\sim_check\tools\matfilereader.cpp(33): note: Verwenden Sie ggf. "%zu" in der Formatzeichenfolge.
c:\users\janol\desktop\sim_check\tools\matfilereader.cpp(37): warning C4477: "fprintf": Die Formatzeichenfolge "%lu" erfordert ein Argument vom Typ "unsigned long", das variadic-Argument "1" weist aber den Typ "::size_t" auf.
  c:\users\janol\desktop\sim_check\tools\matfilereader.cpp(37): note: Verwenden Sie ggf. "%zu" in der Formatzeichenfolge.
c:\users\janol\desktop\sim_check\tools\matfilereader.cpp(43): warning C4477: "fprintf": Die Formatzeichenfolge "%lu" erfordert ein Argument vom Typ "unsigned long", das variadic-Argument "1" weist aber den Typ "::size_t" auf.
  c:\users\janol\desktop\sim_check\tools\matfilereader.cpp(43): note: Verwenden Sie ggf. "%zu" in der Formatzeichenfolge.
c:\users\janol\desktop\sim_check\tools\matfilereader.cpp(49): warning C4477: "fprintf": Die Formatzeichenfolge "%lu" erfordert ein Argument vom Typ "unsigned long", das variadic-Argument "1" weist aber den Typ "::size_t" auf.
  c:\users\janol\desktop\sim_check\tools\matfilereader.cpp(49): note: Verwenden Sie ggf. "%zu" in der Formatzeichenfolge.
c:\users\janol\desktop\sim_check\tools\matfilereader.cpp(103): warning C4267: "Initialisierung": Konvertierung von "size_t" nach "unsigned int", Datenverlust möglich
  Code wird generiert...
c:\users\janol\desktop\sim_check\tools\matfilereader.cpp(128): warning C4715: "MatFileReader::readMatFileData": Nicht alle Codepfade geben einen Wert zurück.
c:\users\janol\desktop\sim_check\tools\matfilereader.cpp(91): warning C4715: "MatFileReader::readMatFileStructure": Nicht alle Codepfade geben einen Wert zurück.
  Kompilieren...
  Transformation.cpp
  Code wird generiert...
  Kompilieren...
  readInData.cpp
c:\users\janol\desktop\sim_check\tools\readindata.cpp(96): warning C4267: "=": Konvertierung von "size_t" nach "int", Datenverlust möglich
c:\users\janol\desktop\sim_check\tools\readindata.cpp(157): warning C4267: "=": Konvertierung von "size_t" nach "int", Datenverlust möglich
  Code wird generiert...
c:\users\janol\desktop\sim_check\tools\readindata.cpp(123): warning C4715: "readInData::readInTable": Nicht alle Codepfade geben einen Wert zurück.
  Tools.vcxproj -> C:\Users\janol\Desktop\Sim_check\x64\Debug\Tools.lib
