  DataLogger.cpp
  LinearInterpolation.cpp
LinearInterpolation.cpp(43): warning C4244: "=": Konvertierung von "Float64" in "Int32", möglicher Datenverlust
LinearInterpolation.cpp(59): warning C4244: "=": Konvertierung von "Float64" in "Int32", möglicher Datenverlust
LinearInterpolation.cpp(84): warning C4244: "=": Konvertierung von "Float64" in "Int32", möglicher Datenverlust
  MatFileReader.cpp
MatFileReader.cpp(59): warning C4267: "Initialisierung": Konvertierung von "size_t" nach "unsigned int", Datenverlust möglich
MatFileReader.cpp(36): warning C4477: "fprintf": Die Formatzeichenfolge "%lu" erfordert ein Argument vom Typ "unsigned long", das variadic-Argument "1" weist aber den Typ "::size_t" auf.
  MatFileReader.cpp(36): note: Verwenden Sie ggf. "%zu" in der Formatzeichenfolge.
MatFileReader.cpp(40): warning C4477: "fprintf": Die Formatzeichenfolge "%lu" erfordert ein Argument vom Typ "unsigned long", das variadic-Argument "1" weist aber den Typ "::size_t" auf.
  MatFileReader.cpp(40): note: Verwenden Sie ggf. "%zu" in der Formatzeichenfolge.
MatFileReader.cpp(46): warning C4477: "fprintf": Die Formatzeichenfolge "%lu" erfordert ein Argument vom Typ "unsigned long", das variadic-Argument "1" weist aber den Typ "::size_t" auf.
  MatFileReader.cpp(46): note: Verwenden Sie ggf. "%zu" in der Formatzeichenfolge.
MatFileReader.cpp(52): warning C4477: "fprintf": Die Formatzeichenfolge "%lu" erfordert ein Argument vom Typ "unsigned long", das variadic-Argument "1" weist aber den Typ "::size_t" auf.
  MatFileReader.cpp(52): note: Verwenden Sie ggf. "%zu" in der Formatzeichenfolge.
MatFileReader.cpp(106): warning C4267: "Initialisierung": Konvertierung von "size_t" nach "unsigned int", Datenverlust möglich
  ODESolver.cpp
  readInData.cpp
readInData.cpp(96): warning C4267: "=": Konvertierung von "size_t" nach "int", Datenverlust möglich
readInData.cpp(157): warning C4267: "=": Konvertierung von "size_t" nach "int", Datenverlust möglich
  Transformation.cpp
  Tools.vcxproj -> C:\Users\janol\Desktop\Studium\Master_Luft und Raumfahrttechnik\2.Fachsemester\Effizient Programmieren\genericSim\x64\Release\Tools.lib
