  Guidance.cpp
  Code wird generiert...
  Kompilieren...
  accTable.cpp
c:\users\janol\desktop\sim_check\guidance\acctable.cpp(45): warning C4244: "Argument": Konvertierung von "Float64" in "Eigen::EigenBase<Derived>::Index", möglicher Datenverlust
          with
          [
              Derived=Eigen::Matrix<double,1,-1,1,1,-1>
          ]
c:\users\janol\desktop\sim_check\guidance\acctable.cpp(46): warning C4244: "Argument": Konvertierung von "Float64" in "Eigen::EigenBase<Derived>::Index", möglicher Datenverlust
          with
          [
              Derived=Eigen::Matrix<double,1,-1,1,1,-1>
          ]
c:\users\janol\desktop\sim_check\guidance\acctable.cpp(52): warning C4244: "Argument": Konvertierung von "Float64" in "Eigen::EigenBase<Derived>::Index", möglicher Datenverlust
          with
          [
              Derived=Eigen::Matrix<double,1,-1,1,1,-1>
          ]
c:\users\janol\desktop\sim_check\guidance\acctable.cpp(75): warning C4244: "Argument": Konvertierung von "Float64" in "Eigen::EigenBase<Derived>::Index", möglicher Datenverlust
          with
          [
              Derived=Eigen::Matrix<double,1,-1,1,1,-1>
          ]
c:\users\janol\desktop\sim_check\guidance\acctable.cpp(76): warning C4244: "Argument": Konvertierung von "Float64" in "Eigen::EigenBase<Derived>::Index", möglicher Datenverlust
          with
          [
              Derived=Eigen::Matrix<double,1,-1,1,1,-1>
          ]
c:\users\janol\desktop\sim_check\guidance\acctable.cpp(77): warning C4244: "Argument": Konvertierung von "Float64" in "Eigen::EigenBase<Derived>::Index", möglicher Datenverlust
          with
          [
              Derived=Eigen::Matrix<double,1,-1,1,1,-1>
          ]
  Code wird generiert...
  Guidance.vcxproj -> C:\Users\janol\Desktop\Sim_check\x64\Debug\Guidance.lib
