  Guidance.cpp
  accTable.cpp
accTable.cpp(45): warning C4244: "Argument": Konvertierung von "Float64" in "Eigen::EigenBase<Derived>::Index", möglicher Datenverlust
          with
          [
              Derived=Eigen::Matrix<double,1,-1,1,1,-1>
          ]
accTable.cpp(46): warning C4244: "Argument": Konvertierung von "Float64" in "Eigen::EigenBase<Derived>::Index", möglicher Datenverlust
          with
          [
              Derived=Eigen::Matrix<double,1,-1,1,1,-1>
          ]
accTable.cpp(52): warning C4244: "Argument": Konvertierung von "Float64" in "Eigen::EigenBase<Derived>::Index", möglicher Datenverlust
          with
          [
              Derived=Eigen::Matrix<double,1,-1,1,1,-1>
          ]
accTable.cpp(75): warning C4244: "Argument": Konvertierung von "Float64" in "Eigen::EigenBase<Derived>::Index", möglicher Datenverlust
          with
          [
              Derived=Eigen::Matrix<double,1,-1,1,1,-1>
          ]
accTable.cpp(76): warning C4244: "Argument": Konvertierung von "Float64" in "Eigen::EigenBase<Derived>::Index", möglicher Datenverlust
          with
          [
              Derived=Eigen::Matrix<double,1,-1,1,1,-1>
          ]
accTable.cpp(77): warning C4244: "Argument": Konvertierung von "Float64" in "Eigen::EigenBase<Derived>::Index", möglicher Datenverlust
          with
          [
              Derived=Eigen::Matrix<double,1,-1,1,1,-1>
          ]
  Guidance.vcxproj -> C:\Users\janol\Desktop\Sim_check\x64\Release\Guidance.lib
